  Bad_exception.cpp
  Exception.cpp
  Man.cpp
C:\Users\Aquatic\source\repos\oop_lab_5.1F\oop_lab_5.1F\Man.h(9,10): warning C4067: unexpected tokens following preprocessor directive - expected a newline
C:\Users\Aquatic\source\repos\oop_lab_5.1F\oop_lab_5.1F\Man.h(10,10): warning C4067: unexpected tokens following preprocessor directive - expected a newline
C:\Users\Aquatic\source\repos\oop_lab_5.1F\oop_lab_5.1F\Man.h(38,5): warning C4290: C++ exception specification ignored except to indicate a function is not __declspec(nothrow)
C:\Users\Aquatic\source\repos\oop_lab_5.1F\oop_lab_5.1F\Man.h(59,84): warning C4290: C++ exception specification ignored except to indicate a function is not __declspec(nothrow)
C:\Users\Aquatic\source\repos\oop_lab_5.1F\oop_lab_5.1F\Man.cpp(82,76): warning C4290: C++ exception specification ignored except to indicate a function is not __declspec(nothrow)
  oop_lab_5.1F.cpp
C:\Users\Aquatic\source\repos\oop_lab_5.1F\oop_lab_5.1F\Man.h(9,10): warning C4067: unexpected tokens following preprocessor directive - expected a newline
C:\Users\Aquatic\source\repos\oop_lab_5.1F\oop_lab_5.1F\Man.h(10,10): warning C4067: unexpected tokens following preprocessor directive - expected a newline
C:\Users\Aquatic\source\repos\oop_lab_5.1F\oop_lab_5.1F\Man.h(38,5): warning C4290: C++ exception specification ignored except to indicate a function is not __declspec(nothrow)
C:\Users\Aquatic\source\repos\oop_lab_5.1F\oop_lab_5.1F\Man.h(59,84): warning C4290: C++ exception specification ignored except to indicate a function is not __declspec(nothrow)
C:\Users\Aquatic\source\repos\oop_lab_5.1F\oop_lab_5.1F\Student_Public.h(45,16): warning C4290: C++ exception specification ignored except to indicate a function is not __declspec(nothrow)
C:\Users\Aquatic\source\repos\oop_lab_5.1F\oop_lab_5.1F\Student_Public.h(55,95): warning C4290: C++ exception specification ignored except to indicate a function is not __declspec(nothrow)
C:\Users\Aquatic\source\repos\oop_lab_5.1F\oop_lab_5.1F\Student_Private.h(50,17): warning C4290: C++ exception specification ignored except to indicate a function is not __declspec(nothrow)
C:\Users\Aquatic\source\repos\oop_lab_5.1F\oop_lab_5.1F\Student_Private.h(60,96): warning C4290: C++ exception specification ignored except to indicate a function is not __declspec(nothrow)
  Student_Private.cpp
C:\Users\Aquatic\source\repos\oop_lab_5.1F\oop_lab_5.1F\Man.h(9,10): warning C4067: unexpected tokens following preprocessor directive - expected a newline
C:\Users\Aquatic\source\repos\oop_lab_5.1F\oop_lab_5.1F\Man.h(10,10): warning C4067: unexpected tokens following preprocessor directive - expected a newline
C:\Users\Aquatic\source\repos\oop_lab_5.1F\oop_lab_5.1F\Man.h(38,5): warning C4290: C++ exception specification ignored except to indicate a function is not __declspec(nothrow)
C:\Users\Aquatic\source\repos\oop_lab_5.1F\oop_lab_5.1F\Man.h(59,84): warning C4290: C++ exception specification ignored except to indicate a function is not __declspec(nothrow)
C:\Users\Aquatic\source\repos\oop_lab_5.1F\oop_lab_5.1F\Student_Private.h(50,17): warning C4290: C++ exception specification ignored except to indicate a function is not __declspec(nothrow)
C:\Users\Aquatic\source\repos\oop_lab_5.1F\oop_lab_5.1F\Student_Private.h(60,96): warning C4290: C++ exception specification ignored except to indicate a function is not __declspec(nothrow)
C:\Users\Aquatic\source\repos\oop_lab_5.1F\oop_lab_5.1F\Student_Private.cpp(46,79): warning C4290: C++ exception specification ignored except to indicate a function is not __declspec(nothrow)
C:\Users\Aquatic\source\repos\oop_lab_5.1F\oop_lab_5.1F\Student_Private.cpp(85,88): warning C4290: C++ exception specification ignored except to indicate a function is not __declspec(nothrow)
  Student_Public.cpp
C:\Users\Aquatic\source\repos\oop_lab_5.1F\oop_lab_5.1F\Man.h(9,10): warning C4067: unexpected tokens following preprocessor directive - expected a newline
C:\Users\Aquatic\source\repos\oop_lab_5.1F\oop_lab_5.1F\Man.h(10,10): warning C4067: unexpected tokens following preprocessor directive - expected a newline
C:\Users\Aquatic\source\repos\oop_lab_5.1F\oop_lab_5.1F\Man.h(38,5): warning C4290: C++ exception specification ignored except to indicate a function is not __declspec(nothrow)
C:\Users\Aquatic\source\repos\oop_lab_5.1F\oop_lab_5.1F\Man.h(59,84): warning C4290: C++ exception specification ignored except to indicate a function is not __declspec(nothrow)
C:\Users\Aquatic\source\repos\oop_lab_5.1F\oop_lab_5.1F\Student_Public.h(45,16): warning C4290: C++ exception specification ignored except to indicate a function is not __declspec(nothrow)
C:\Users\Aquatic\source\repos\oop_lab_5.1F\oop_lab_5.1F\Student_Public.h(55,95): warning C4290: C++ exception specification ignored except to indicate a function is not __declspec(nothrow)
C:\Users\Aquatic\source\repos\oop_lab_5.1F\oop_lab_5.1F\Student_Public.cpp(46,79): warning C4290: C++ exception specification ignored except to indicate a function is not __declspec(nothrow)
C:\Users\Aquatic\source\repos\oop_lab_5.1F\oop_lab_5.1F\Student_Public.cpp(84,87): warning C4290: C++ exception specification ignored except to indicate a function is not __declspec(nothrow)
  Generating Code...
  oop_lab_5.1F.vcxproj -> C:\Users\Aquatic\source\repos\oop_lab_5.1F\Debug\oop_lab_5.1F.exe
